<?xml version="1.0" encoding="UTF-8"?>
<testng-results skipped="0" failed="0" total="1" passed="1">
  <reporter-output>
  </reporter-output>
  <suite name="Default suite" duration-ms="13329" started-at="2021-11-19T04:42:38Z" finished-at="2021-11-19T04:42:52Z">
    <groups>
    </groups>
    <test name="Default test" duration-ms="13329" started-at="2021-11-19T04:42:38Z" finished-at="2021-11-19T04:42:52Z">
      <class name="testngpackage.TestNGFile">
        <test-method status="PASS" signature="launchBrowser()[pri:0, instance:testngpackage.TestNGFile@754ba872]" name="launchBrowser" is-config="true" duration-ms="8826" started-at="2021-11-18T21:42:38Z" finished-at="2021-11-18T21:42:47Z">
          <reporter-output>
          </reporter-output>
        </test-method> <!-- launchBrowser -->
        <test-method status="PASS" signature="verifyHomepageTitle()[pri:0, instance:testngpackage.TestNGFile@754ba872]" name="verifyHomepageTitle" duration-ms="34" started-at="2021-11-18T21:42:47Z" finished-at="2021-11-18T21:42:47Z">
          <reporter-output>
          </reporter-output>
        </test-method> <!-- verifyHomepageTitle -->
        <test-method status="PASS" signature="terminateBrowser()[pri:0, instance:testngpackage.TestNGFile@754ba872]" name="terminateBrowser" is-config="true" duration-ms="4436" started-at="2021-11-18T21:42:47Z" finished-at="2021-11-18T21:42:52Z">
          <reporter-output>
          </reporter-output>
        </test-method> <!-- terminateBrowser -->
      </class> <!-- testngpackage.TestNGFile -->
    </test> <!-- Default test -->
  </suite> <!-- Default suite -->
</testng-results>
